nohup: ignoring input
[1;31m--- 00:00:00 ---[0m
Training round: 0
4000
400
Creating dataloaded from data/pusher/imgs_tr/
Creating dataloaded from data/pusher/imgs_vl/
------------------------- 01/5 -------------------------
[96m  New best model saved![0m
[91m  Train total_loss: 74.2799, Val total_loss: 13.4555[0m
[95m  Train recon_loss: 73.4386, Val recon_loss: 12.2237[0m
[92m  Train commit_loss: 0.2724, Val commit_loss: 0.4351[0m
[93m  Train codes_usage: 1.0000, Val codes_usage: 1.0000[0m
[96m  Train flatness_loss: 0.2845, Val flatness_loss: 0.3984[0m
------------------------- 02/5 -------------------------
[96m  New best model saved![0m
[91m  Train total_loss: 10.1439, Val total_loss: 9.4467[0m
[95m  Train recon_loss: 8.7457, Val recon_loss: 7.8843[0m
[92m  Train commit_loss: 0.6267, Val commit_loss: 0.8617[0m
[93m  Train codes_usage: 1.0000, Val codes_usage: 1.0000[0m
[96m  Train flatness_loss: 0.3858, Val flatness_loss: 0.3503[0m
------------------------- 03/5 -------------------------
[96m  New best model saved![0m
[91m  Train total_loss: 8.0198, Val total_loss: 8.0982[0m
[95m  Train recon_loss: 6.4466, Val recon_loss: 6.3850[0m
[92m  Train commit_loss: 0.9594, Val commit_loss: 1.2092[0m
[93m  Train codes_usage: 1.0000, Val codes_usage: 1.0000[0m
[96m  Train flatness_loss: 0.3069, Val flatness_loss: 0.2520[0m
------------------------- 04/5 -------------------------
[96m  New best model saved![0m
[91m  Train total_loss: 6.9416, Val total_loss: 7.1400[0m
[95m  Train recon_loss: 5.2895, Val recon_loss: 5.4601[0m
[92m  Train commit_loss: 1.2070, Val commit_loss: 1.2704[0m
[93m  Train codes_usage: 1.0000, Val codes_usage: 1.0000[0m
[96m  Train flatness_loss: 0.2225, Val flatness_loss: 0.2047[0m
------------------------- 05/5 -------------------------
[96m  New best model saved![0m
[91m  Train total_loss: 6.1918, Val total_loss: 6.7464[0m
[95m  Train recon_loss: 4.5557, Val recon_loss: 4.8635[0m
[92m  Train commit_loss: 1.2760, Val commit_loss: 1.5931[0m
[93m  Train codes_usage: 1.0000, Val codes_usage: 1.0000[0m
[96m  Train flatness_loss: 0.1800, Val flatness_loss: 0.1449[0m
Loading vq_4_32_64_True_smoothTrue.pth
Encoding dataset from data/pusher/ using VQ-VAE...
Creating sequences of length 23...
Encoding dataset from data/pusher/ using VQ-VAE...
Creating sequences of length 23...
[95m+-----------------------------------------------+[0m
[93m| Epoch 0         |        Train |          Val |[0m
[95m+-----------------------------------------------+[0m
[94m| CE              |       3.6639 |       2.6811 |[0m
[94m| Prop MSE        |       0.2244 |       0.1915 |[0m
[94m| Rew MSE         |       0.0083 |       0.0035 |[0m
[95m| Accuracy        |        68.0% |        76.4% |[0m
[95m| MSE             |       5.8918 |       4.0403 |[0m
[95m| First Acc       |        71.2% |        80.3% |[0m
[95m+-----------------------------------------------+[0m
[95m+-----------------------------------------------+[0m
[93m| Epoch 1         |        Train |          Val |[0m
[95m+-----------------------------------------------+[0m
[94m| CE              |       2.3637 |       2.3892 |[0m
[94m| Prop MSE        |       0.1646 |       0.1737 |[0m
[94m| Rew MSE         |       0.0025 |       0.0025 |[0m
[95m| Accuracy        |        79.1% |        79.0% |[0m
[95m| MSE             |       3.5369 |       3.6022 |[0m
[95m| First Acc       |        82.8% |        83.0% |[0m
[95m+-----------------------------------------------+[0m
Encoding dataset from data/pusher/ using VQ-VAE...
Creating sequences of length 10...
/home/davide/github/rl_learning/rl_env/lib/python3.10/site-packages/stable_baselines3/common/on_policy_algorithm.py:150: UserWarning: You are trying to run PPO on the GPU, but it is primarily intended to run on the CPU when not using a CNN policy (you are using ActorCriticPolicy which should be a MlpPolicy). See https://github.com/DLR-RM/stable-baselines3/issues/1245 for more info. You can pass `device='cpu'` or `export CUDA_VISIBLE_DEVICES=` to force using the CPU.Note: The model will train, but the GPU utilization will be poor and the training might take longer than on CPU.
  warnings.warn(
/home/davide/github/rl_learning/rl_env/lib/python3.10/site-packages/stable_baselines3/common/on_policy_algorithm.py:150: UserWarning: You are trying to run PPO on the GPU, but it is primarily intended to run on the CPU when not using a CNN policy (you are using ActorCriticPolicy which should be a MlpPolicy). See https://github.com/DLR-RM/stable-baselines3/issues/1245 for more info. You can pass `device='cpu'` or `export CUDA_VISIBLE_DEVICES=` to force using the CPU.Note: The model will train, but the GPU utilization will be poor and the training might take longer than on CPU.
  warnings.warn(
(np.float64(-77.75397363901138), np.float64(5.280058648639475))
[1;31m--- 00:47:04 ---[0m
Training round: 1
4200
420
Creating dataloaded from data/pusher/imgs_tr/
Creating dataloaded from data/pusher/imgs_vl/
------------------------- 01/5 -------------------------
[96m  New best model saved![0m
[91m  Train total_loss: 5.6548, Val total_loss: 5.4184[0m
[95m  Train recon_loss: 4.0894, Val recon_loss: 4.0217[0m
[92m  Train commit_loss: 1.2636, Val commit_loss: 1.0824[0m
[93m  Train codes_usage: 1.0000, Val codes_usage: 1.0000[0m
[96m  Train flatness_loss: 0.1509, Val flatness_loss: 0.1572[0m
------------------------- 02/5 -------------------------
[96m  New best model saved![0m
[91m  Train total_loss: 5.1773, Val total_loss: 5.2094[0m
[95m  Train recon_loss: 3.7524, Val recon_loss: 3.8180[0m
[92m  Train commit_loss: 1.1571, Val commit_loss: 1.1321[0m
[93m  Train codes_usage: 1.0000, Val codes_usage: 1.0000[0m
[96m  Train flatness_loss: 0.1339, Val flatness_loss: 0.1296[0m
------------------------- 03/5 -------------------------
[96m  New best model saved![0m
[91m  Train total_loss: 4.8946, Val total_loss: 4.9602[0m
[95m  Train recon_loss: 3.5695, Val recon_loss: 3.6168[0m
[92m  Train commit_loss: 1.0788, Val commit_loss: 1.0989[0m
[93m  Train codes_usage: 1.0000, Val codes_usage: 1.0000[0m
[96m  Train flatness_loss: 0.1232, Val flatness_loss: 0.1223[0m
------------------------- 04/5 -------------------------
[96m  New best model saved![0m
[91m  Train total_loss: 4.6991, Val total_loss: 4.7526[0m
[95m  Train recon_loss: 3.4400, Val recon_loss: 3.5242[0m
[92m  Train commit_loss: 1.0253, Val commit_loss: 0.9929[0m
[93m  Train codes_usage: 1.0000, Val codes_usage: 1.0000[0m
[96m  Train flatness_loss: 0.1169, Val flatness_loss: 0.1178[0m
------------------------- 05/5 -------------------------
[96m  New best model saved![0m
[91m  Train total_loss: 4.5507, Val total_loss: 4.7331[0m
[95m  Train recon_loss: 3.3443, Val recon_loss: 3.4932[0m
[92m  Train commit_loss: 0.9813, Val commit_loss: 1.0156[0m
[93m  Train codes_usage: 1.0000, Val codes_usage: 1.0000[0m
[96m  Train flatness_loss: 0.1126, Val flatness_loss: 0.1122[0m
Loading vq_4_32_64_True_smoothTrue.pth
Encoding dataset from data/pusher/ using VQ-VAE...
Creating sequences of length 23...
Encoding dataset from data/pusher/ using VQ-VAE...
Creating sequences of length 23...
[95m+-----------------------------------------------+[0m
[93m| Epoch 0         |        Train |          Val |[0m
[95m+-----------------------------------------------+[0m
[94m| CE              |       2.7576 |       2.5962 |[0m
[94m| Prop MSE        |       0.1625 |       0.1757 |[0m
[94m| Rew MSE         |       0.0024 |       0.0024 |[0m
[95m| Accuracy        |        77.0% |        78.3% |[0m
[95m| MSE             |       4.0526 |       3.8063 |[0m
[95m| First Acc       |        80.6% |        82.0% |[0m
[95m+-----------------------------------------------+[0m
[95m+-----------------------------------------------+[0m
[93m| Epoch 1         |        Train |          Val |[0m
[95m+-----------------------------------------------+[0m
[94m| CE              |       2.3023 |       2.4220 |[0m
[94m| Prop MSE        |       0.1450 |       0.1706 |[0m
[94m| Rew MSE         |       0.0021 |       0.0025 |[0m
[95m| Accuracy        |        80.5% |        79.7% |[0m
[95m| MSE             |       3.2993 |       3.5449 |[0m
[95m| First Acc       |        83.9% |        83.4% |[0m
[95m+-----------------------------------------------+[0m
Encoding dataset from data/pusher/ using VQ-VAE...
Creating sequences of length 10...
(np.float64(-64.57514060338339), np.float64(3.41863520447235))
[1;31m--- 01:37:15 ---[0m
Training round: 2
4400
440
Creating dataloaded from data/pusher/imgs_tr/
Creating dataloaded from data/pusher/imgs_vl/
------------------------- 01/5 -------------------------
[96m  New best model saved![0m
[91m  Train total_loss: 4.4131, Val total_loss: 4.5724[0m
[95m  Train recon_loss: 3.2436, Val recon_loss: 3.4062[0m
[92m  Train commit_loss: 0.9434, Val commit_loss: 0.9382[0m
[93m  Train codes_usage: 1.0000, Val codes_usage: 1.0000[0m
[96m  Train flatness_loss: 0.1130, Val flatness_loss: 0.1140[0m
------------------------- 02/5 -------------------------
[96m  New best model saved![0m
[91m  Train total_loss: 4.3115, Val total_loss: 4.4013[0m
[95m  Train recon_loss: 3.1763, Val recon_loss: 3.2675[0m
[92m  Train commit_loss: 0.9152, Val commit_loss: 0.9115[0m
[93m  Train codes_usage: 1.0000, Val codes_usage: 1.0000[0m
[96m  Train flatness_loss: 0.1100, Val flatness_loss: 0.1112[0m
------------------------- 03/5 -------------------------
[96m  New best model saved![0m
[91m  Train total_loss: 4.2396, Val total_loss: 4.3974[0m
[95m  Train recon_loss: 3.1314, Val recon_loss: 3.3018[0m
[92m  Train commit_loss: 0.8934, Val commit_loss: 0.8767[0m
[93m  Train codes_usage: 1.0000, Val codes_usage: 1.0000[0m
[96m  Train flatness_loss: 0.1074, Val flatness_loss: 0.1094[0m
------------------------- 04/5 -------------------------
[96m  New best model saved![0m
[91m  Train total_loss: 4.1750, Val total_loss: 4.2727[0m
[95m  Train recon_loss: 3.0917, Val recon_loss: 3.2276[0m
[92m  Train commit_loss: 0.8738, Val commit_loss: 0.8269[0m
[93m  Train codes_usage: 1.0000, Val codes_usage: 1.0000[0m
[96m  Train flatness_loss: 0.1048, Val flatness_loss: 0.1091[0m
------------------------- 05/5 -------------------------
[91m  Train total_loss: 4.1114, Val total_loss: 4.3558[0m
[95m  Train recon_loss: 3.0548, Val recon_loss: 3.2109[0m
[92m  Train commit_loss: 0.8525, Val commit_loss: 0.9456[0m
[93m  Train codes_usage: 1.0000, Val codes_usage: 1.0000[0m
[96m  Train flatness_loss: 0.1021, Val flatness_loss: 0.0996[0m
Loading vq_4_32_64_True_smoothTrue.pth
Encoding dataset from data/pusher/ using VQ-VAE...
Creating sequences of length 23...
Encoding dataset from data/pusher/ using VQ-VAE...
Creating sequences of length 23...
[95m+-----------------------------------------------+[0m
[93m| Epoch 0         |        Train |          Val |[0m
[95m+-----------------------------------------------+[0m
[94m| CE              |       2.2967 |       2.3587 |[0m
[94m| Prop MSE        |       0.1397 |       0.1662 |[0m
[94m| Rew MSE         |       0.0021 |       0.0023 |[0m
[95m| Accuracy        |        79.7% |        79.3% |[0m
[95m| MSE             |       3.2363 |       3.3759 |[0m
[95m| First Acc       |        83.2% |        83.0% |[0m
[95m+-----------------------------------------------+[0m
[95m+-----------------------------------------------+[0m
[93m| Epoch 1         |        Train |          Val |[0m
[95m+-----------------------------------------------+[0m
[94m| CE              |       2.0674 |       2.2834 |[0m
[94m| Prop MSE        |       0.1288 |       0.1643 |[0m
[94m| Rew MSE         |       0.0020 |       0.0021 |[0m
[95m| Accuracy        |        81.6% |        79.9% |[0m
[95m| MSE             |       2.8791 |       3.2415 |[0m
[95m| First Acc       |        84.8% |        83.6% |[0m
[95m+-----------------------------------------------+[0m
Encoding dataset from data/pusher/ using VQ-VAE...
Creating sequences of length 10...
(np.float64(-63.624552086989084), np.float64(2.692301305387502))
[1;31m--- 02:29:16 ---[0m
Training round: 3
4600
460
Creating dataloaded from data/pusher/imgs_tr/
Creating dataloaded from data/pusher/imgs_vl/
------------------------- 01/5 -------------------------
[96m  New best model saved![0m
[91m  Train total_loss: 4.0000, Val total_loss: 4.1011[0m
[95m  Train recon_loss: 2.9774, Val recon_loss: 3.0754[0m
[92m  Train commit_loss: 0.8193, Val commit_loss: 0.8182[0m
[93m  Train codes_usage: 1.0000, Val codes_usage: 1.0000[0m
[96m  Train flatness_loss: 0.1017, Val flatness_loss: 0.1038[0m
------------------------- 02/5 -------------------------
[96m  New best model saved![0m
[91m  Train total_loss: 3.9379, Val total_loss: 4.0344[0m
[95m  Train recon_loss: 2.9411, Val recon_loss: 3.0279[0m
[92m  Train commit_loss: 0.7983, Val commit_loss: 0.8029[0m
[93m  Train codes_usage: 1.0000, Val codes_usage: 1.0000[0m
[96m  Train flatness_loss: 0.0992, Val flatness_loss: 0.1018[0m
------------------------- 03/5 -------------------------
[96m  New best model saved![0m
[91m  Train total_loss: 3.8909, Val total_loss: 3.9924[0m
[95m  Train recon_loss: 2.9163, Val recon_loss: 3.0150[0m
[92m  Train commit_loss: 0.7803, Val commit_loss: 0.7797[0m
[93m  Train codes_usage: 1.0000, Val codes_usage: 1.0000[0m
[96m  Train flatness_loss: 0.0971, Val flatness_loss: 0.0988[0m
------------------------- 04/5 -------------------------
[91m  Train total_loss: 3.8249, Val total_loss: 4.1302[0m
[95m  Train recon_loss: 2.8805, Val recon_loss: 3.1873[0m
[92m  Train commit_loss: 0.7540, Val commit_loss: 0.7421[0m
[93m  Train codes_usage: 1.0000, Val codes_usage: 1.0000[0m
[96m  Train flatness_loss: 0.0952, Val flatness_loss: 0.1004[0m
------------------------- 05/5 -------------------------
[96m  New best model saved![0m
[91m  Train total_loss: 3.7667, Val total_loss: 3.9085[0m
[95m  Train recon_loss: 2.8503, Val recon_loss: 2.9768[0m
[92m  Train commit_loss: 0.7304, Val commit_loss: 0.7433[0m
[93m  Train codes_usage: 1.0000, Val codes_usage: 1.0000[0m
[96m  Train flatness_loss: 0.0930, Val flatness_loss: 0.0942[0m
Loading vq_4_32_64_True_smoothTrue.pth
Encoding dataset from data/pusher/ using VQ-VAE...
Creating sequences of length 23...
Encoding dataset from data/pusher/ using VQ-VAE...
Creating sequences of length 23...
[95m+-----------------------------------------------+[0m
[93m| Epoch 0         |        Train |          Val |[0m
[95m+-----------------------------------------------+[0m
[94m| CE              |       2.2990 |       2.3675 |[0m
[94m| Prop MSE        |       0.1336 |       0.1657 |[0m
[94m| Rew MSE         |       0.0019 |       0.0026 |[0m
[95m| Accuracy        |        77.5% |        77.1% |[0m
[95m| MSE             |       2.9860 |       3.1469 |[0m
[95m| First Acc       |        80.8% |        80.7% |[0m
[95m+-----------------------------------------------+[0m
[95m+-----------------------------------------------+[0m
[93m| Epoch 1         |        Train |          Val |[0m
[95m+-----------------------------------------------+[0m
[94m| CE              |       2.0584 |       2.2932 |[0m
[94m| Prop MSE        |       0.1222 |       0.1643 |[0m
[94m| Rew MSE         |       0.0018 |       0.0020 |[0m
[95m| Accuracy        |        79.6% |        77.9% |[0m
[95m| MSE             |       2.6386 |       3.0567 |[0m
[95m| First Acc       |        82.7% |        81.5% |[0m
[95m+-----------------------------------------------+[0m
Encoding dataset from data/pusher/ using VQ-VAE...
Creating sequences of length 10...
(np.float64(-47.217198290427525), np.float64(5.34337117803153))
[1;31m--- 03:24:41 ---[0m
Training round: 4
4800
480
Creating dataloaded from data/pusher/imgs_tr/
Creating dataloaded from data/pusher/imgs_vl/
------------------------- 01/5 -------------------------
[96m  New best model saved![0m
[91m  Train total_loss: 3.7541, Val total_loss: 3.9252[0m
[95m  Train recon_loss: 2.8482, Val recon_loss: 3.0530[0m
[92m  Train commit_loss: 0.7237, Val commit_loss: 0.6777[0m
[93m  Train codes_usage: 1.0000, Val codes_usage: 1.0000[0m
[96m  Train flatness_loss: 0.0911, Val flatness_loss: 0.0973[0m
------------------------- 02/5 -------------------------
[96m  New best model saved![0m
[91m  Train total_loss: 3.7026, Val total_loss: 3.8331[0m
[95m  Train recon_loss: 2.8156, Val recon_loss: 2.9803[0m
[92m  Train commit_loss: 0.7094, Val commit_loss: 0.6548[0m
[93m  Train codes_usage: 1.0000, Val codes_usage: 1.0000[0m
[96m  Train flatness_loss: 0.0888, Val flatness_loss: 0.0990[0m
------------------------- 03/5 -------------------------
[96m  New best model saved![0m
[91m  Train total_loss: 3.6605, Val total_loss: 3.7935[0m
[95m  Train recon_loss: 2.7902, Val recon_loss: 2.9534[0m
[92m  Train commit_loss: 0.6979, Val commit_loss: 0.6581[0m
[93m  Train codes_usage: 1.0000, Val codes_usage: 1.0000[0m
[96m  Train flatness_loss: 0.0862, Val flatness_loss: 0.0910[0m
------------------------- 04/5 -------------------------
[96m  New best model saved![0m
[91m  Train total_loss: 3.6151, Val total_loss: 3.7677[0m
[95m  Train recon_loss: 2.7628, Val recon_loss: 2.9048[0m
[92m  Train commit_loss: 0.6850, Val commit_loss: 0.6929[0m
[93m  Train codes_usage: 1.0000, Val codes_usage: 1.0000[0m
[96m  Train flatness_loss: 0.0837, Val flatness_loss: 0.0850[0m
------------------------- 05/5 -------------------------
[96m  New best model saved![0m
[91m  Train total_loss: 3.5751, Val total_loss: 3.7360[0m
[95m  Train recon_loss: 2.7403, Val recon_loss: 2.8734[0m
[92m  Train commit_loss: 0.6717, Val commit_loss: 0.6998[0m
[93m  Train codes_usage: 1.0000, Val codes_usage: 1.0000[0m
[96m  Train flatness_loss: 0.0816, Val flatness_loss: 0.0814[0m
Loading vq_4_32_64_True_smoothTrue.pth
Encoding dataset from data/pusher/ using VQ-VAE...
Creating sequences of length 23...
Encoding dataset from data/pusher/ using VQ-VAE...
Creating sequences of length 23...
[95m+-----------------------------------------------+[0m
[93m| Epoch 0         |        Train |          Val |[0m
[95m+-----------------------------------------------+[0m
[94m| CE              |       2.2527 |       2.3427 |[0m
[94m| Prop MSE        |       0.1226 |       0.1597 |[0m
[94m| Rew MSE         |       0.0017 |       0.0020 |[0m
[95m| Accuracy        |        76.2% |        75.6% |[0m
[95m| MSE             |       2.8453 |       3.0237 |[0m
[95m| First Acc       |        79.5% |        79.3% |[0m
[95m+-----------------------------------------------+[0m
[95m+-----------------------------------------------+[0m
[93m| Epoch 1         |        Train |          Val |[0m
[95m+-----------------------------------------------+[0m
[94m| CE              |       2.0259 |       2.2804 |[0m
[94m| Prop MSE        |       0.1135 |       0.1595 |[0m
[94m| Rew MSE         |       0.0016 |       0.0022 |[0m
[95m| Accuracy        |        78.3% |        76.3% |[0m
[95m| MSE             |       2.5294 |       2.9536 |[0m
[95m| First Acc       |        81.5% |        79.9% |[0m
[95m+-----------------------------------------------+[0m
Encoding dataset from data/pusher/ using VQ-VAE...
Creating sequences of length 10...
(np.float64(-65.97688051064809), np.float64(4.907556560368789))
[1;31m--- 04:27:01 ---[0m
Training round: 5
5000
500
Creating dataloaded from data/pusher/imgs_tr/
Creating dataloaded from data/pusher/imgs_vl/
------------------------- 01/5 -------------------------
[96m  New best model saved![0m
[91m  Train total_loss: 3.4815, Val total_loss: 3.6420[0m
[95m  Train recon_loss: 2.6755, Val recon_loss: 2.8268[0m
[92m  Train commit_loss: 0.6499, Val commit_loss: 0.6683[0m
[93m  Train codes_usage: 1.0000, Val codes_usage: 1.0000[0m
[96m  Train flatness_loss: 0.0781, Val flatness_loss: 0.0734[0m
------------------------- 02/5 -------------------------
[96m  New best model saved![0m
[91m  Train total_loss: 3.4219, Val total_loss: 3.5891[0m
[95m  Train recon_loss: 2.6469, Val recon_loss: 2.7889[0m
[92m  Train commit_loss: 0.6315, Val commit_loss: 0.6489[0m
[93m  Train codes_usage: 1.0000, Val codes_usage: 1.0000[0m
[96m  Train flatness_loss: 0.0717, Val flatness_loss: 0.0757[0m
------------------------- 03/5 -------------------------
[96m  New best model saved![0m
[91m  Train total_loss: 3.3904, Val total_loss: 3.5529[0m
[95m  Train recon_loss: 2.6303, Val recon_loss: 2.7856[0m
[92m  Train commit_loss: 0.6222, Val commit_loss: 0.6210[0m
[93m  Train codes_usage: 1.0000, Val codes_usage: 1.0000[0m
[96m  Train flatness_loss: 0.0690, Val flatness_loss: 0.0731[0m
------------------------- 04/5 -------------------------
[96m  New best model saved![0m
[91m  Train total_loss: 3.3575, Val total_loss: 3.5052[0m
[95m  Train recon_loss: 2.6106, Val recon_loss: 2.7421[0m
[92m  Train commit_loss: 0.6125, Val commit_loss: 0.6246[0m
[93m  Train codes_usage: 1.0000, Val codes_usage: 1.0000[0m
[96m  Train flatness_loss: 0.0672, Val flatness_loss: 0.0692[0m
------------------------- 05/5 -------------------------
[96m  New best model saved![0m
[91m  Train total_loss: 3.3206, Val total_loss: 3.4528[0m
[95m  Train recon_loss: 2.5882, Val recon_loss: 2.7175[0m
[92m  Train commit_loss: 0.6014, Val commit_loss: 0.6008[0m
[93m  Train codes_usage: 1.0000, Val codes_usage: 1.0000[0m
[96m  Train flatness_loss: 0.0655, Val flatness_loss: 0.0672[0m
Loading vq_4_32_64_True_smoothTrue.pth
Encoding dataset from data/pusher/ using VQ-VAE...
Creating sequences of length 23...
Encoding dataset from data/pusher/ using VQ-VAE...
Creating sequences of length 23...
[95m+-----------------------------------------------+[0m
[93m| Epoch 0         |        Train |          Val |[0m
[95m+-----------------------------------------------+[0m
[94m| CE              |       2.1951 |       2.2972 |[0m
[94m| Prop MSE        |       0.1161 |       0.1574 |[0m
[94m| Rew MSE         |       0.0016 |       0.0019 |[0m
[95m| Accuracy        |        73.7% |        73.1% |[0m
[95m| MSE             |       2.6819 |       2.8838 |[0m
[95m| First Acc       |        77.0% |        76.7% |[0m
[95m+-----------------------------------------------+[0m
[95m+-----------------------------------------------+[0m
[93m| Epoch 1         |        Train |          Val |[0m
[95m+-----------------------------------------------+[0m
[94m| CE              |       1.9747 |       2.2563 |[0m
[94m| Prop MSE        |       0.1078 |       0.1563 |[0m
[94m| Rew MSE         |       0.0015 |       0.0019 |[0m
[95m| Accuracy        |        75.9% |        73.6% |[0m
[95m| MSE             |       2.3875 |       2.8381 |[0m
[95m| First Acc       |        79.1% |        77.2% |[0m
[95m+-----------------------------------------------+[0m
Encoding dataset from data/pusher/ using VQ-VAE...
Creating sequences of length 10...
(np.float64(-49.805704901615776), np.float64(6.178316447938473))
[1;31m--- 05:35:11 ---[0m
Training round: 6
5200
520
Creating dataloaded from data/pusher/imgs_tr/
Creating dataloaded from data/pusher/imgs_vl/
------------------------- 01/5 -------------------------
[96m  New best model saved![0m
[91m  Train total_loss: 3.2908, Val total_loss: 3.5855[0m
[95m  Train recon_loss: 2.5735, Val recon_loss: 2.8532[0m
[92m  Train commit_loss: 0.5917, Val commit_loss: 0.5982[0m
[93m  Train codes_usage: 1.0000, Val codes_usage: 1.0000[0m
[96m  Train flatness_loss: 0.0628, Val flatness_loss: 0.0670[0m
------------------------- 02/5 -------------------------
[96m  New best model saved![0m
[91m  Train total_loss: 3.2418, Val total_loss: 3.3696[0m
[95m  Train recon_loss: 2.5477, Val recon_loss: 2.6450[0m
[92m  Train commit_loss: 0.5732, Val commit_loss: 0.5957[0m
[93m  Train codes_usage: 1.0000, Val codes_usage: 1.0000[0m
[96m  Train flatness_loss: 0.0605, Val flatness_loss: 0.0644[0m
------------------------- 03/5 -------------------------
[91m  Train total_loss: 3.2108, Val total_loss: 3.4040[0m
[95m  Train recon_loss: 2.5304, Val recon_loss: 2.7047[0m
[92m  Train commit_loss: 0.5620, Val commit_loss: 0.5752[0m
[93m  Train codes_usage: 1.0000, Val codes_usage: 1.0000[0m
[96m  Train flatness_loss: 0.0592, Val flatness_loss: 0.0620[0m
------------------------- 04/5 -------------------------
[91m  Train total_loss: 3.1897, Val total_loss: 3.3708[0m
[95m  Train recon_loss: 2.5172, Val recon_loss: 2.6532[0m
[92m  Train commit_loss: 0.5562, Val commit_loss: 0.5924[0m
[93m  Train codes_usage: 1.0000, Val codes_usage: 1.0000[0m
[96m  Train flatness_loss: 0.0581, Val flatness_loss: 0.0627[0m
------------------------- 05/5 -------------------------
[96m  New best model saved![0m
[91m  Train total_loss: 3.1686, Val total_loss: 3.2699[0m
[95m  Train recon_loss: 2.5035, Val recon_loss: 2.6138[0m
[92m  Train commit_loss: 0.5501, Val commit_loss: 0.5287[0m
[93m  Train codes_usage: 1.0000, Val codes_usage: 1.0000[0m
[96m  Train flatness_loss: 0.0575, Val flatness_loss: 0.0637[0m
Loading vq_4_32_64_True_smoothTrue.pth
Encoding dataset from data/pusher/ using VQ-VAE...
Creating sequences of length 23...
Encoding dataset from data/pusher/ using VQ-VAE...
Creating sequences of length 23...
[95m+-----------------------------------------------+[0m
[93m| Epoch 0         |        Train |          Val |[0m
[95m+-----------------------------------------------+[0m
[94m| CE              |       2.0516 |       2.1868 |[0m
[94m| Prop MSE        |       0.1096 |       0.1521 |[0m
[94m| Rew MSE         |       0.0015 |       0.0016 |[0m
[95m| Accuracy        |        73.7% |        72.7% |[0m
[95m| MSE             |       2.4315 |       2.6569 |[0m
[95m| First Acc       |        77.2% |        76.5% |[0m
[95m+-----------------------------------------------+[0m
[95m+-----------------------------------------------+[0m
[93m| Epoch 1         |        Train |          Val |[0m
[95m+-----------------------------------------------+[0m
[94m| CE              |       1.8764 |       2.1392 |[0m
[94m| Prop MSE        |       0.1024 |       0.1531 |[0m
[94m| Rew MSE         |       0.0014 |       0.0016 |[0m
[95m| Accuracy        |        75.7% |        73.4% |[0m
[95m| MSE             |       2.2040 |       2.6156 |[0m
[95m| First Acc       |        78.9% |        77.2% |[0m
[95m+-----------------------------------------------+[0m
Encoding dataset from data/pusher/ using VQ-VAE...
Creating sequences of length 10...
(np.float64(-50.23774668773015), np.float64(5.837924958255043))
[1;31m--- 06:38:35 ---[0m
Training round: 7
5400
540
Creating dataloaded from data/pusher/imgs_tr/
Creating dataloaded from data/pusher/imgs_vl/
------------------------- 01/5 -------------------------
[96m  New best model saved![0m
[91m  Train total_loss: 3.1242, Val total_loss: 3.2386[0m
[95m  Train recon_loss: 2.4748, Val recon_loss: 2.5997[0m
[92m  Train commit_loss: 0.5376, Val commit_loss: 0.5239[0m
[93m  Train codes_usage: 1.0000, Val codes_usage: 1.0000[0m
[96m  Train flatness_loss: 0.0559, Val flatness_loss: 0.0575[0m
------------------------- 02/5 -------------------------
[91m  Train total_loss: 3.0995, Val total_loss: 3.2440[0m
[95m  Train recon_loss: 2.4596, Val recon_loss: 2.6165[0m
[92m  Train commit_loss: 0.5307, Val commit_loss: 0.5039[0m
[93m  Train codes_usage: 1.0000, Val codes_usage: 1.0000[0m
[96m  Train flatness_loss: 0.0546, Val flatness_loss: 0.0618[0m
------------------------- 03/5 -------------------------
[96m  New best model saved![0m
[91m  Train total_loss: 3.0756, Val total_loss: 3.2227[0m
[95m  Train recon_loss: 2.4448, Val recon_loss: 2.5778[0m
[92m  Train commit_loss: 0.5236, Val commit_loss: 0.5328[0m
[93m  Train codes_usage: 1.0000, Val codes_usage: 1.0000[0m
[96m  Train flatness_loss: 0.0536, Val flatness_loss: 0.0560[0m
------------------------- 04/5 -------------------------
[96m  New best model saved![0m
[91m  Train total_loss: 3.0590, Val total_loss: 3.1856[0m
[95m  Train recon_loss: 2.4344, Val recon_loss: 2.5658[0m
[92m  Train commit_loss: 0.5189, Val commit_loss: 0.5138[0m
[93m  Train codes_usage: 1.0000, Val codes_usage: 1.0000[0m
[96m  Train flatness_loss: 0.0529, Val flatness_loss: 0.0530[0m
------------------------- 05/5 -------------------------
[96m  New best model saved![0m
[91m  Train total_loss: 3.0403, Val total_loss: 3.1490[0m
[95m  Train recon_loss: 2.4251, Val recon_loss: 2.5346[0m
[92m  Train commit_loss: 0.5121, Val commit_loss: 0.5085[0m
[93m  Train codes_usage: 1.0000, Val codes_usage: 1.0000[0m
[96m  Train flatness_loss: 0.0515, Val flatness_loss: 0.0529[0m
Loading vq_4_32_64_True_smoothTrue.pth
Encoding dataset from data/pusher/ using VQ-VAE...
Creating sequences of length 23...
Encoding dataset from data/pusher/ using VQ-VAE...
Creating sequences of length 23...
[95m+-----------------------------------------------+[0m
[93m| Epoch 0         |        Train |          Val |[0m
[95m+-----------------------------------------------+[0m
[94m| CE              |       2.0224 |       2.1587 |[0m
[94m| Prop MSE        |       0.1071 |       0.1491 |[0m
[94m| Rew MSE         |       0.0014 |       0.0014 |[0m
[95m| Accuracy        |        73.0% |        72.2% |[0m
[95m| MSE             |       2.3665 |       2.6146 |[0m
[95m| First Acc       |        76.5% |        76.1% |[0m
[95m+-----------------------------------------------+[0m
[95m+-----------------------------------------------+[0m
[93m| Epoch 1         |        Train |          Val |[0m
[95m+-----------------------------------------------+[0m
[94m| CE              |       1.8132 |       2.0771 |[0m
[94m| Prop MSE        |       0.0997 |       0.1496 |[0m
[94m| Rew MSE         |       0.0013 |       0.0017 |[0m
[95m| Accuracy        |        75.3% |        73.2% |[0m
[95m| MSE             |       2.1103 |       2.5172 |[0m
[95m| First Acc       |        78.7% |        77.1% |[0m
[95m+-----------------------------------------------+[0m
Encoding dataset from data/pusher/ using VQ-VAE...
Creating sequences of length 10...
(np.float64(-41.82360061705113), np.float64(5.483584111814334))
[1;31m--- 07:50:46 ---[0m
Training round: 8
5600
560
Creating dataloaded from data/pusher/imgs_tr/
Creating dataloaded from data/pusher/imgs_vl/
------------------------- 01/5 -------------------------
[96m  New best model saved![0m
[91m  Train total_loss: 3.0310, Val total_loss: 3.5463[0m
[95m  Train recon_loss: 2.4253, Val recon_loss: 2.8586[0m
[92m  Train commit_loss: 0.5053, Val commit_loss: 0.5925[0m
[93m  Train codes_usage: 1.0000, Val codes_usage: 1.0000[0m
[96m  Train flatness_loss: 0.0502, Val flatness_loss: 0.0477[0m
------------------------- 02/5 -------------------------
[96m  New best model saved![0m
[91m  Train total_loss: 3.0137, Val total_loss: 3.2697[0m
[95m  Train recon_loss: 2.4132, Val recon_loss: 2.6564[0m
[92m  Train commit_loss: 0.5011, Val commit_loss: 0.5115[0m
[93m  Train codes_usage: 1.0000, Val codes_usage: 1.0000[0m
[96m  Train flatness_loss: 0.0496, Val flatness_loss: 0.0509[0m
------------------------- 03/5 -------------------------
[96m  New best model saved![0m
[91m  Train total_loss: 2.9950, Val total_loss: 3.1281[0m
[95m  Train recon_loss: 2.4003, Val recon_loss: 2.5374[0m
[92m  Train commit_loss: 0.4966, Val commit_loss: 0.4790[0m
[93m  Train codes_usage: 1.0000, Val codes_usage: 1.0000[0m
[96m  Train flatness_loss: 0.0491, Val flatness_loss: 0.0559[0m
------------------------- 04/5 -------------------------
[91m  Train total_loss: 2.9802, Val total_loss: 3.1593[0m
[95m  Train recon_loss: 2.3923, Val recon_loss: 2.5642[0m
[92m  Train commit_loss: 0.4903, Val commit_loss: 0.4920[0m
[93m  Train codes_usage: 1.0000, Val codes_usage: 1.0000[0m
[96m  Train flatness_loss: 0.0488, Val flatness_loss: 0.0516[0m
------------------------- 05/5 -------------------------
[96m  New best model saved![0m
[91m  Train total_loss: 2.9626, Val total_loss: 3.1055[0m
[95m  Train recon_loss: 2.3827, Val recon_loss: 2.5215[0m
[92m  Train commit_loss: 0.4836, Val commit_loss: 0.4803[0m
[93m  Train codes_usage: 1.0000, Val codes_usage: 1.0000[0m
[96m  Train flatness_loss: 0.0481, Val flatness_loss: 0.0519[0m
Loading vq_4_32_64_True_smoothTrue.pth
Encoding dataset from data/pusher/ using VQ-VAE...
Creating sequences of length 23...
Encoding dataset from data/pusher/ using VQ-VAE...
Creating sequences of length 23...
[95m+-----------------------------------------------+[0m
[93m| Epoch 0         |        Train |          Val |[0m
[95m+-----------------------------------------------+[0m
[94m| CE              |       1.9477 |       2.1069 |[0m
[94m| Prop MSE        |       0.1028 |       0.1472 |[0m
[94m| Rew MSE         |       0.0013 |       0.0014 |[0m
[95m| Accuracy        |        72.9% |        71.8% |[0m
[95m| MSE             |       2.2714 |       2.5219 |[0m
[95m| First Acc       |        76.6% |        75.9% |[0m
[95m+-----------------------------------------------+[0m
[95m+-----------------------------------------------+[0m
[93m| Epoch 1         |        Train |          Val |[0m
[95m+-----------------------------------------------+[0m
[94m| CE              |       1.7735 |       2.0605 |[0m
[94m| Prop MSE        |       0.0965 |       0.1454 |[0m
[94m| Rew MSE         |       0.0012 |       0.0014 |[0m
[95m| Accuracy        |        75.0% |        72.5% |[0m
[95m| MSE             |       2.0491 |       2.4790 |[0m
[95m| First Acc       |        78.5% |        76.6% |[0m
[95m+-----------------------------------------------+[0m
Encoding dataset from data/pusher/ using VQ-VAE...
Creating sequences of length 10...
(np.float64(-43.21603443821271), np.float64(6.78609679754884))
[1;31m--- 08:55:48 ---[0m
Training round: 9
5800
580
Creating dataloaded from data/pusher/imgs_tr/
Creating dataloaded from data/pusher/imgs_vl/
------------------------- 01/5 -------------------------
[96m  New best model saved![0m
[91m  Train total_loss: 2.9493, Val total_loss: 3.0789[0m
[95m  Train recon_loss: 2.3765, Val recon_loss: 2.4881[0m
[92m  Train commit_loss: 0.4774, Val commit_loss: 0.4903[0m
[93m  Train codes_usage: 1.0000, Val codes_usage: 1.0000[0m
[96m  Train flatness_loss: 0.0477, Val flatness_loss: 0.0503[0m
------------------------- 02/5 -------------------------
[91m  Train total_loss: 2.9265, Val total_loss: 3.1228[0m
[95m  Train recon_loss: 2.3621, Val recon_loss: 2.5384[0m
[92m  Train commit_loss: 0.4710, Val commit_loss: 0.4870[0m
[93m  Train codes_usage: 1.0000, Val codes_usage: 1.0000[0m
[96m  Train flatness_loss: 0.0467, Val flatness_loss: 0.0487[0m
------------------------- 03/5 -------------------------
[91m  Train total_loss: 2.9120, Val total_loss: 4.0849[0m
[95m  Train recon_loss: 2.3519, Val recon_loss: 3.5290[0m
[92m  Train commit_loss: 0.4671, Val commit_loss: 0.4464[0m
[93m  Train codes_usage: 1.0000, Val codes_usage: 1.0000[0m
[96m  Train flatness_loss: 0.0464, Val flatness_loss: 0.0547[0m
------------------------- 04/5 -------------------------
[91m  Train total_loss: 2.8993, Val total_loss: 3.1066[0m
[95m  Train recon_loss: 2.3446, Val recon_loss: 2.5281[0m
[92m  Train commit_loss: 0.4628, Val commit_loss: 0.4883[0m
[93m  Train codes_usage: 1.0000, Val codes_usage: 1.0000[0m
[96m  Train flatness_loss: 0.0459, Val flatness_loss: 0.0451[0m
------------------------- 05/5 -------------------------
[91m  Train total_loss: 2.8867, Val total_loss: 3.1585[0m
[95m  Train recon_loss: 2.3361, Val recon_loss: 2.6139[0m
[92m  Train commit_loss: 0.4599, Val commit_loss: 0.4411[0m
[93m  Train codes_usage: 1.0000, Val codes_usage: 1.0000[0m
[96m  Train flatness_loss: 0.0453, Val flatness_loss: 0.0518[0m
Loading vq_4_32_64_True_smoothTrue.pth
Encoding dataset from data/pusher/ using VQ-VAE...
Creating sequences of length 23...
Encoding dataset from data/pusher/ using VQ-VAE...
Creating sequences of length 23...
[95m+-----------------------------------------------+[0m
[93m| Epoch 0         |        Train |          Val |[0m
[95m+-----------------------------------------------+[0m
[94m| CE              |       1.6643 |       1.8809 |[0m
[94m| Prop MSE        |       0.0961 |       0.1426 |[0m
[94m| Rew MSE         |       0.0012 |       0.0013 |[0m
[95m| Accuracy        |        72.3% |        69.7% |[0m
[95m| MSE             |       3.0132 |       3.3238 |[0m
[95m| First Acc       |        75.8% |        73.8% |[0m
[95m+-----------------------------------------------+[0m
[95m+-----------------------------------------------+[0m
[93m| Epoch 1         |        Train |          Val |[0m
[95m+-----------------------------------------------+[0m
[94m| CE              |       1.5318 |       1.8145 |[0m
[94m| Prop MSE        |       0.0915 |       0.1412 |[0m
[94m| Rew MSE         |       0.0011 |       0.0014 |[0m
[95m| Accuracy        |        73.7% |        71.0% |[0m
[95m| MSE             |       2.8504 |       3.2652 |[0m
[95m| First Acc       |        77.1% |        75.1% |[0m
[95m+-----------------------------------------------+[0m
Encoding dataset from data/pusher/ using VQ-VAE...
Creating sequences of length 10...
(np.float64(-45.72497902115186), np.float64(7.0534033373597165))
[1;31m--- 09:58:37 ---[0m
Training round: 10
6000
600
Creating dataloaded from data/pusher/imgs_tr/
Creating dataloaded from data/pusher/imgs_vl/
------------------------- 01/5 -------------------------
[96m  New best model saved![0m
[91m  Train total_loss: 2.9051, Val total_loss: 3.1086[0m
[95m  Train recon_loss: 2.3524, Val recon_loss: 2.5411[0m
[92m  Train commit_loss: 0.4629, Val commit_loss: 0.4757[0m
[93m  Train codes_usage: 1.0000, Val codes_usage: 1.0000[0m
[96m  Train flatness_loss: 0.0449, Val flatness_loss: 0.0459[0m
------------------------- 02/5 -------------------------
[96m  New best model saved![0m
[91m  Train total_loss: 2.8947, Val total_loss: 3.0717[0m
[95m  Train recon_loss: 2.3431, Val recon_loss: 2.5101[0m
[92m  Train commit_loss: 0.4622, Val commit_loss: 0.4580[0m
[93m  Train codes_usage: 1.0000, Val codes_usage: 1.0000[0m
[96m  Train flatness_loss: 0.0447, Val flatness_loss: 0.0518[0m
------------------------- 03/5 -------------------------
[91m  Train total_loss: 2.8806, Val total_loss: 3.3641[0m
[95m  Train recon_loss: 2.3325, Val recon_loss: 2.7988[0m
[92m  Train commit_loss: 0.4590, Val commit_loss: 0.4671[0m
[93m  Train codes_usage: 1.0000, Val codes_usage: 1.0000[0m
[96m  Train flatness_loss: 0.0446, Val flatness_loss: 0.0491[0m
------------------------- 04/5 -------------------------
[91m  Train total_loss: 2.8677, Val total_loss: 3.2359[0m
[95m  Train recon_loss: 2.3244, Val recon_loss: 2.6776[0m
[92m  Train commit_loss: 0.4558, Val commit_loss: 0.4618[0m
[93m  Train codes_usage: 1.0000, Val codes_usage: 1.0000[0m
[96m  Train flatness_loss: 0.0437, Val flatness_loss: 0.0482[0m
------------------------- 05/5 -------------------------
[91m  Train total_loss: 2.8556, Val total_loss: 4.0358[0m
[95m  Train recon_loss: 2.3168, Val recon_loss: 3.4429[0m
[92m  Train commit_loss: 0.4525, Val commit_loss: 0.5049[0m
[93m  Train codes_usage: 1.0000, Val codes_usage: 1.0000[0m
[96m  Train flatness_loss: 0.0431, Val flatness_loss: 0.0440[0m
Loading vq_4_32_64_True_smoothTrue.pth
Encoding dataset from data/pusher/ using VQ-VAE...
Creating sequences of length 23...
Encoding dataset from data/pusher/ using VQ-VAE...
Creating sequences of length 23...
[95m+-----------------------------------------------+[0m
[93m| Epoch 0         |        Train |          Val |[0m
[95m+-----------------------------------------------+[0m
[94m| CE              |       1.7210 |       1.9095 |[0m
[94m| Prop MSE        |       0.0948 |       0.1383 |[0m
[94m| Rew MSE         |       0.0011 |       0.0013 |[0m
[95m| Accuracy        |        73.1% |        71.4% |[0m
[95m| MSE             |       2.6461 |       2.9321 |[0m
[95m| First Acc       |        76.9% |        75.7% |[0m
[95m+-----------------------------------------------+[0m
[95m+-----------------------------------------------+[0m
[93m| Epoch 1         |        Train |          Val |[0m
[95m+-----------------------------------------------+[0m
[94m| CE              |       1.5808 |       1.8688 |[0m
[94m| Prop MSE        |       0.0899 |       0.1387 |[0m
[94m| Rew MSE         |       0.0011 |       0.0013 |[0m
[95m| Accuracy        |        74.8% |        72.1% |[0m
[95m| MSE             |       2.4668 |       2.8893 |[0m
[95m| First Acc       |        78.4% |        76.4% |[0m
[95m+-----------------------------------------------+[0m
Encoding dataset from data/pusher/ using VQ-VAE...
Creating sequences of length 10...
(np.float64(-49.10724599957466), np.float64(6.902594585335055))
[1;31m--- 10:57:47 ---[0m
Training round: 11
6200
620
Creating dataloaded from data/pusher/imgs_tr/
Creating dataloaded from data/pusher/imgs_vl/
------------------------- 01/5 -------------------------
[96m  New best model saved![0m
[91m  Train total_loss: 2.8531, Val total_loss: 3.1331[0m
[95m  Train recon_loss: 2.3151, Val recon_loss: 2.6045[0m
[92m  Train commit_loss: 0.4514, Val commit_loss: 0.4325[0m
[93m  Train codes_usage: 1.0000, Val codes_usage: 1.0000[0m
[96m  Train flatness_loss: 0.0433, Val flatness_loss: 0.0481[0m
------------------------- 02/5 -------------------------
[91m  Train total_loss: 2.8359, Val total_loss: 3.2194[0m
[95m  Train recon_loss: 2.3031, Val recon_loss: 2.6555[0m
[92m  Train commit_loss: 0.4466, Val commit_loss: 0.4753[0m
[93m  Train codes_usage: 1.0000, Val codes_usage: 1.0000[0m
[96m  Train flatness_loss: 0.0431, Val flatness_loss: 0.0443[0m
------------------------- 03/5 -------------------------
[91m  Train total_loss: 2.8214, Val total_loss: 3.8883[0m
[95m  Train recon_loss: 2.2955, Val recon_loss: 3.3200[0m
[92m  Train commit_loss: 0.4411, Val commit_loss: 0.4812[0m
[93m  Train codes_usage: 1.0000, Val codes_usage: 1.0000[0m
[96m  Train flatness_loss: 0.0424, Val flatness_loss: 0.0435[0m
------------------------- 04/5 -------------------------
[91m  Train total_loss: 2.8151, Val total_loss: 3.9191[0m
[95m  Train recon_loss: 2.2922, Val recon_loss: 3.3421[0m
[92m  Train commit_loss: 0.4402, Val commit_loss: 0.4946[0m
[93m  Train codes_usage: 1.0000, Val codes_usage: 1.0000[0m
[96m  Train flatness_loss: 0.0414, Val flatness_loss: 0.0412[0m
------------------------- 05/5 -------------------------
[96m  New best model saved![0m
[91m  Train total_loss: 2.8037, Val total_loss: 2.9661[0m
[95m  Train recon_loss: 2.2850, Val recon_loss: 2.4171[0m
[92m  Train commit_loss: 0.4375, Val commit_loss: 0.4663[0m
[93m  Train codes_usage: 1.0000, Val codes_usage: 1.0000[0m
[96m  Train flatness_loss: 0.0406, Val flatness_loss: 0.0414[0m
Loading vq_4_32_64_True_smoothTrue.pth
Encoding dataset from data/pusher/ using VQ-VAE...
Creating sequences of length 23...
Encoding dataset from data/pusher/ using VQ-VAE...
Creating sequences of length 23...
[95m+-----------------------------------------------+[0m
[93m| Epoch 0         |        Train |          Val |[0m
[95m+-----------------------------------------------+[0m
[94m| CE              |       1.8813 |       2.0232 |[0m
[94m| Prop MSE        |       0.0954 |       0.1374 |[0m
[94m| Rew MSE         |       0.0011 |       0.0012 |[0m
[95m| Accuracy        |        71.5% |        70.3% |[0m
[95m| MSE             |       2.1766 |       2.4101 |[0m
[95m| First Acc       |        75.4% |        74.7% |[0m
[95m+-----------------------------------------------+[0m
[95m+-----------------------------------------------+[0m
[93m| Epoch 1         |        Train |          Val |[0m
[95m+-----------------------------------------------+[0m
[94m| CE              |       1.7079 |       1.9940 |[0m
[94m| Prop MSE        |       0.0895 |       0.1358 |[0m
[94m| Rew MSE         |       0.0010 |       0.0014 |[0m
[95m| Accuracy        |        73.4% |        70.5% |[0m
[95m| MSE             |       1.9539 |       2.3660 |[0m
[95m| First Acc       |        77.1% |        74.8% |[0m
[95m+-----------------------------------------------+[0m
Encoding dataset from data/pusher/ using VQ-VAE...
Creating sequences of length 10...
(np.float64(-44.57492792208989), np.float64(4.504799917377732))
[1;31m--- 11:57:17 ---[0m
Training round: 12
6400
640
Creating dataloaded from data/pusher/imgs_tr/
Creating dataloaded from data/pusher/imgs_vl/
------------------------- 01/5 -------------------------
[96m  New best model saved![0m
[91m  Train total_loss: 2.8387, Val total_loss: 2.8700[0m
[95m  Train recon_loss: 2.3196, Val recon_loss: 2.3661[0m
[92m  Train commit_loss: 0.4392, Val commit_loss: 0.4160[0m
[93m  Train codes_usage: 1.0000, Val codes_usage: 1.0000[0m
[96m  Train flatness_loss: 0.0399, Val flatness_loss: 0.0440[0m
------------------------- 02/5 -------------------------
[91m  Train total_loss: 2.8155, Val total_loss: 2.9756[0m
[95m  Train recon_loss: 2.3012, Val recon_loss: 2.4434[0m
[92m  Train commit_loss: 0.4363, Val commit_loss: 0.4554[0m
[93m  Train codes_usage: 1.0000, Val codes_usage: 1.0000[0m
[96m  Train flatness_loss: 0.0390, Val flatness_loss: 0.0384[0m
------------------------- 03/5 -------------------------
[91m  Train total_loss: 2.8056, Val total_loss: 2.8792[0m
[95m  Train recon_loss: 2.2960, Val recon_loss: 2.3594[0m
[92m  Train commit_loss: 0.4319, Val commit_loss: 0.4343[0m
[93m  Train codes_usage: 1.0000, Val codes_usage: 1.0000[0m
[96m  Train flatness_loss: 0.0389, Val flatness_loss: 0.0427[0m
------------------------- 04/5 -------------------------
[96m  New best model saved![0m
[91m  Train total_loss: 2.7859, Val total_loss: 2.8618[0m
[95m  Train recon_loss: 2.2836, Val recon_loss: 2.3625[0m
[92m  Train commit_loss: 0.4285, Val commit_loss: 0.4229[0m
[93m  Train codes_usage: 1.0000, Val codes_usage: 1.0000[0m
[96m  Train flatness_loss: 0.0369, Val flatness_loss: 0.0382[0m
------------------------- 05/5 -------------------------
[91m  Train total_loss: 2.7675, Val total_loss: 3.0656[0m
[95m  Train recon_loss: 2.2748, Val recon_loss: 2.5825[0m
[92m  Train commit_loss: 0.4207, Val commit_loss: 0.4033[0m
[93m  Train codes_usage: 1.0000, Val codes_usage: 1.0000[0m
[96m  Train flatness_loss: 0.0360, Val flatness_loss: 0.0399[0m
Loading vq_4_32_64_True_smoothTrue.pth
Encoding dataset from data/pusher/ using VQ-VAE...
Creating sequences of length 23...
Encoding dataset from data/pusher/ using VQ-VAE...
Creating sequences of length 23...
[95m+-----------------------------------------------+[0m
[93m| Epoch 0         |        Train |          Val |[0m
[95m+-----------------------------------------------+[0m
[94m| CE              |       1.7701 |       1.9303 |[0m
[94m| Prop MSE        |       0.0917 |       0.1319 |[0m
[94m| Rew MSE         |       0.0011 |       0.0012 |[0m
[95m| Accuracy        |        71.7% |        70.5% |[0m
[95m| MSE             |       2.1226 |       2.3653 |[0m
[95m| First Acc       |        75.5% |        74.8% |[0m
[95m+-----------------------------------------------+[0m
[95m+-----------------------------------------------+[0m
[93m| Epoch 1         |        Train |          Val |[0m
[95m+-----------------------------------------------+[0m
[94m| CE              |       1.6253 |       1.8938 |[0m
[94m| Prop MSE        |       0.0870 |       0.1303 |[0m
[94m| Rew MSE         |       0.0010 |       0.0012 |[0m
[95m| Accuracy        |        73.5% |        71.1% |[0m
[95m| MSE             |       1.9388 |       2.3324 |[0m
[95m| First Acc       |        77.1% |        75.4% |[0m
[95m+-----------------------------------------------+[0m
Encoding dataset from data/pusher/ using VQ-VAE...
Creating sequences of length 10...
(np.float64(-44.77733534177144), np.float64(5.318188893612538))
[1;31m--- 12:58:43 ---[0m
Training round: 13
6600
660
Creating dataloaded from data/pusher/imgs_tr/
Creating dataloaded from data/pusher/imgs_vl/
------------------------- 01/5 -------------------------
[96m  New best model saved![0m
[91m  Train total_loss: 2.7944, Val total_loss: 2.9494[0m
[95m  Train recon_loss: 2.3043, Val recon_loss: 2.4589[0m
[92m  Train commit_loss: 0.4187, Val commit_loss: 0.4083[0m
[93m  Train codes_usage: 1.0000, Val codes_usage: 1.0000[0m
[96m  Train flatness_loss: 0.0357, Val flatness_loss: 0.0411[0m
------------------------- 02/5 -------------------------
[91m  Train total_loss: 2.7841, Val total_loss: 3.0323[0m
[95m  Train recon_loss: 2.2951, Val recon_loss: 2.5451[0m
[92m  Train commit_loss: 0.4177, Val commit_loss: 0.3910[0m
[93m  Train codes_usage: 1.0000, Val codes_usage: 1.0000[0m
[96m  Train flatness_loss: 0.0357, Val flatness_loss: 0.0481[0m
------------------------- 03/5 -------------------------
[96m  New best model saved![0m
[91m  Train total_loss: 2.7734, Val total_loss: 2.9233[0m
[95m  Train recon_loss: 2.2851, Val recon_loss: 2.4050[0m
[92m  Train commit_loss: 0.4171, Val commit_loss: 0.4367[0m
[93m  Train codes_usage: 1.0000, Val codes_usage: 1.0000[0m
[96m  Train flatness_loss: 0.0356, Val flatness_loss: 0.0408[0m
------------------------- 04/5 -------------------------
[91m  Train total_loss: 2.7679, Val total_loss: 2.9799[0m
[95m  Train recon_loss: 2.2808, Val recon_loss: 2.4922[0m
[92m  Train commit_loss: 0.4160, Val commit_loss: 0.4052[0m
[93m  Train codes_usage: 1.0000, Val codes_usage: 1.0000[0m
[96m  Train flatness_loss: 0.0356, Val flatness_loss: 0.0413[0m
------------------------- 05/5 -------------------------
[91m  Train total_loss: 2.7546, Val total_loss: 2.9364[0m
[95m  Train recon_loss: 2.2732, Val recon_loss: 2.4362[0m
[92m  Train commit_loss: 0.4103, Val commit_loss: 0.4279[0m
[93m  Train codes_usage: 1.0000, Val codes_usage: 1.0000[0m
[96m  Train flatness_loss: 0.0356, Val flatness_loss: 0.0361[0m
Loading vq_4_32_64_True_smoothTrue.pth
Encoding dataset from data/pusher/ using VQ-VAE...
Creating sequences of length 23...
Encoding dataset from data/pusher/ using VQ-VAE...
Creating sequences of length 23...
[95m+-----------------------------------------------+[0m
[93m| Epoch 0         |        Train |          Val |[0m
[95m+-----------------------------------------------+[0m
[94m| CE              |       1.7219 |       1.9062 |[0m
[94m| Prop MSE        |       0.0883 |       0.1279 |[0m
[94m| Rew MSE         |       0.0010 |       0.0012 |[0m
[95m| Accuracy        |        71.3% |        69.6% |[0m
[95m| MSE             |       2.2331 |       2.4974 |[0m
[95m| First Acc       |        75.3% |        74.0% |[0m
[95m+-----------------------------------------------+[0m
[95m+-----------------------------------------------+[0m
[93m| Epoch 1         |        Train |          Val |[0m
[95m+-----------------------------------------------+[0m
[94m| CE              |       1.6049 |       1.8919 |[0m
[94m| Prop MSE        |       0.0847 |       0.1278 |[0m
[94m| Rew MSE         |       0.0010 |       0.0011 |[0m
[95m| Accuracy        |        72.8% |        69.9% |[0m
[95m| MSE             |       2.0836 |       2.4912 |[0m
[95m| First Acc       |        76.5% |        74.3% |[0m
[95m+-----------------------------------------------+[0m
Encoding dataset from data/pusher/ using VQ-VAE...
Creating sequences of length 10...
(np.float64(-44.551631319522855), np.float64(4.730693609195808))
[1;31m--- 14:01:02 ---[0m
Training round: 14
6800
680
Creating dataloaded from data/pusher/imgs_tr/
Creating dataloaded from data/pusher/imgs_vl/
------------------------- 01/5 -------------------------
[96m  New best model saved![0m
[91m  Train total_loss: 2.7530, Val total_loss: 2.8497[0m
[95m  Train recon_loss: 2.2757, Val recon_loss: 2.3666[0m
[92m  Train commit_loss: 0.4060, Val commit_loss: 0.4113[0m
[93m  Train codes_usage: 1.0000, Val codes_usage: 1.0000[0m
[96m  Train flatness_loss: 0.0357, Val flatness_loss: 0.0359[0m
------------------------- 02/5 -------------------------
[96m  New best model saved![0m
[91m  Train total_loss: 2.7376, Val total_loss: 2.8370[0m
[95m  Train recon_loss: 2.2676, Val recon_loss: 2.3689[0m
[92m  Train commit_loss: 0.3988, Val commit_loss: 0.3956[0m
[93m  Train codes_usage: 1.0000, Val codes_usage: 1.0000[0m
[96m  Train flatness_loss: 0.0356, Val flatness_loss: 0.0363[0m
------------------------- 03/5 -------------------------
[96m  New best model saved![0m
[91m  Train total_loss: 2.7263, Val total_loss: 2.8025[0m
[95m  Train recon_loss: 2.2600, Val recon_loss: 2.3333[0m
[92m  Train commit_loss: 0.3954, Val commit_loss: 0.3932[0m
[93m  Train codes_usage: 1.0000, Val codes_usage: 1.0000[0m
[96m  Train flatness_loss: 0.0354, Val flatness_loss: 0.0380[0m
------------------------- 04/5 -------------------------
[91m  Train total_loss: 2.7099, Val total_loss: 3.5404[0m
[95m  Train recon_loss: 2.2503, Val recon_loss: 3.0599[0m
[92m  Train commit_loss: 0.3899, Val commit_loss: 0.4104[0m
[93m  Train codes_usage: 1.0000, Val codes_usage: 1.0000[0m
[96m  Train flatness_loss: 0.0349, Val flatness_loss: 0.0351[0m
------------------------- 05/5 -------------------------
[96m  New best model saved![0m
[91m  Train total_loss: 2.6984, Val total_loss: 2.7983[0m
[95m  Train recon_loss: 2.2433, Val recon_loss: 2.3316[0m
[92m  Train commit_loss: 0.3855, Val commit_loss: 0.3952[0m
[93m  Train codes_usage: 1.0000, Val codes_usage: 1.0000[0m
[96m  Train flatness_loss: 0.0348, Val flatness_loss: 0.0358[0m
Loading vq_4_32_64_True_smoothTrue.pth
Encoding dataset from data/pusher/ using VQ-VAE...
Creating sequences of length 23...
Encoding dataset from data/pusher/ using VQ-VAE...
Creating sequences of length 23...
[95m+-----------------------------------------------+[0m
[93m| Epoch 0         |        Train |          Val |[0m
[95m+-----------------------------------------------+[0m
[94m| CE              |       1.7837 |       1.9491 |[0m
[94m| Prop MSE        |       0.0883 |       0.1280 |[0m
[94m| Rew MSE         |       0.0010 |       0.0011 |[0m
[95m| Accuracy        |        71.3% |        69.9% |[0m
[95m| MSE             |       2.0465 |       2.2970 |[0m
[95m| First Acc       |        75.3% |        74.4% |[0m
[95m+-----------------------------------------------+[0m
[95m+-----------------------------------------------+[0m
[93m| Epoch 1         |        Train |          Val |[0m
[95m+-----------------------------------------------+[0m
[94m| CE              |       1.6375 |       1.9341 |[0m
[94m| Prop MSE        |       0.0839 |       0.1259 |[0m
[94m| Rew MSE         |       0.0010 |       0.0011 |[0m
[95m| Accuracy        |        73.0% |        70.1% |[0m
[95m| MSE             |       1.8596 |       2.2913 |[0m
[95m| First Acc       |        76.8% |        74.5% |[0m
[95m+-----------------------------------------------+[0m
Encoding dataset from data/pusher/ using VQ-VAE...
Creating sequences of length 10...
(np.float64(-41.73418719569842), np.float64(6.116106642465484))
[1;31m--- 15:05:22 ---[0m
Training round: 15
7000
700
Creating dataloaded from data/pusher/imgs_tr/
Creating dataloaded from data/pusher/imgs_vl/
------------------------- 01/5 -------------------------
[96m  New best model saved![0m
[91m  Train total_loss: 2.7179, Val total_loss: 2.8736[0m
[95m  Train recon_loss: 2.2641, Val recon_loss: 2.3747[0m
[92m  Train commit_loss: 0.3841, Val commit_loss: 0.4288[0m
[93m  Train codes_usage: 1.0000, Val codes_usage: 1.0000[0m
[96m  Train flatness_loss: 0.0348, Val flatness_loss: 0.0351[0m
------------------------- 02/5 -------------------------
[96m  New best model saved![0m
[91m  Train total_loss: 2.7059, Val total_loss: 2.8614[0m
[95m  Train recon_loss: 2.2547, Val recon_loss: 2.3941[0m
[92m  Train commit_loss: 0.3823, Val commit_loss: 0.3975[0m
[93m  Train codes_usage: 1.0000, Val codes_usage: 1.0000[0m
[96m  Train flatness_loss: 0.0344, Val flatness_loss: 0.0349[0m
------------------------- 03/5 -------------------------
[91m  Train total_loss: 2.6967, Val total_loss: 2.9474[0m
[95m  Train recon_loss: 2.2485, Val recon_loss: 2.4966[0m
[92m  Train commit_loss: 0.3798, Val commit_loss: 0.3782[0m
[93m  Train codes_usage: 1.0000, Val codes_usage: 1.0000[0m
[96m  Train flatness_loss: 0.0342, Val flatness_loss: 0.0363[0m
------------------------- 04/5 -------------------------
[91m  Train total_loss: 2.6906, Val total_loss: 4.1574[0m
[95m  Train recon_loss: 2.2435, Val recon_loss: 3.7091[0m
[92m  Train commit_loss: 0.3794, Val commit_loss: 0.3773[0m
[93m  Train codes_usage: 1.0000, Val codes_usage: 1.0000[0m
[96m  Train flatness_loss: 0.0338, Val flatness_loss: 0.0355[0m
------------------------- 05/5 -------------------------
[96m  New best model saved![0m
[91m  Train total_loss: 2.6784, Val total_loss: 2.8460[0m
[95m  Train recon_loss: 2.2355, Val recon_loss: 2.3879[0m
[92m  Train commit_loss: 0.3766, Val commit_loss: 0.3850[0m
[93m  Train codes_usage: 1.0000, Val codes_usage: 1.0000[0m
[96m  Train flatness_loss: 0.0332, Val flatness_loss: 0.0366[0m
Loading vq_4_32_64_True_smoothTrue.pth
Encoding dataset from data/pusher/ using VQ-VAE...
Creating sequences of length 23...
Encoding dataset from data/pusher/ using VQ-VAE...
Creating sequences of length 23...
[95m+-----------------------------------------------+[0m
[93m| Epoch 0         |        Train |          Val |[0m
[95m+-----------------------------------------------+[0m
[94m| CE              |       1.7799 |       1.9640 |[0m
[94m| Prop MSE        |       0.0858 |       0.1232 |[0m
[94m| Rew MSE         |       0.0010 |       0.0012 |[0m
[95m| Accuracy        |        70.3% |        68.7% |[0m
[95m| MSE             |       2.0069 |       2.2857 |[0m
[95m| First Acc       |        74.3% |        73.1% |[0m
[95m+-----------------------------------------------+[0m
[95m+-----------------------------------------------+[0m
[93m| Epoch 1         |        Train |          Val |[0m
[95m+-----------------------------------------------+[0m
[94m| CE              |       1.6580 |       1.9389 |[0m
[94m| Prop MSE        |       0.0824 |       0.1222 |[0m
[94m| Rew MSE         |       0.0009 |       0.0010 |[0m
[95m| Accuracy        |        71.8% |        68.9% |[0m
[95m| MSE             |       1.8528 |       2.2483 |[0m
[95m| First Acc       |        75.6% |        73.3% |[0m
[95m+-----------------------------------------------+[0m
Encoding dataset from data/pusher/ using VQ-VAE...
Creating sequences of length 10...
(np.float64(-51.77629512945811), np.float64(4.52944627971361))
[1;31m--- 16:09:44 ---[0m
Training round: 16
7200
720
Creating dataloaded from data/pusher/imgs_tr/
Creating dataloaded from data/pusher/imgs_vl/
------------------------- 01/5 -------------------------
[96m  New best model saved![0m
[91m  Train total_loss: 2.6598, Val total_loss: 2.8800[0m
[95m  Train recon_loss: 2.2210, Val recon_loss: 2.4282[0m
[92m  Train commit_loss: 0.3724, Val commit_loss: 0.3841[0m
[93m  Train codes_usage: 1.0000, Val codes_usage: 1.0000[0m
[96m  Train flatness_loss: 0.0332, Val flatness_loss: 0.0339[0m
------------------------- 02/5 -------------------------
[96m  New best model saved![0m
[91m  Train total_loss: 2.6425, Val total_loss: 2.7419[0m
[95m  Train recon_loss: 2.2089, Val recon_loss: 2.2976[0m
[92m  Train commit_loss: 0.3675, Val commit_loss: 0.3775[0m
[93m  Train codes_usage: 1.0000, Val codes_usage: 1.0000[0m
[96m  Train flatness_loss: 0.0330, Val flatness_loss: 0.0334[0m
------------------------- 03/5 -------------------------
[91m  Train total_loss: 2.6403, Val total_loss: 5.0094[0m
[95m  Train recon_loss: 2.2063, Val recon_loss: 4.5697[0m
[92m  Train commit_loss: 0.3683, Val commit_loss: 0.3722[0m
[93m  Train codes_usage: 1.0000, Val codes_usage: 1.0000[0m
[96m  Train flatness_loss: 0.0329, Val flatness_loss: 0.0337[0m
------------------------- 04/5 -------------------------
[91m  Train total_loss: 2.6356, Val total_loss: 2.7805[0m
[95m  Train recon_loss: 2.2032, Val recon_loss: 2.3403[0m
[92m  Train commit_loss: 0.3668, Val commit_loss: 0.3608[0m
[93m  Train codes_usage: 1.0000, Val codes_usage: 1.0000[0m
[96m  Train flatness_loss: 0.0328, Val flatness_loss: 0.0397[0m
------------------------- 05/5 -------------------------
[91m  Train total_loss: 2.6203, Val total_loss: 2.9277[0m
[95m  Train recon_loss: 2.1940, Val recon_loss: 2.4721[0m
[92m  Train commit_loss: 0.3609, Val commit_loss: 0.3923[0m
[93m  Train codes_usage: 1.0000, Val codes_usage: 1.0000[0m
[96m  Train flatness_loss: 0.0327, Val flatness_loss: 0.0317[0m
Loading vq_4_32_64_True_smoothTrue.pth
Encoding dataset from data/pusher/ using VQ-VAE...
Creating sequences of length 23...
Encoding dataset from data/pusher/ using VQ-VAE...
Creating sequences of length 23...
[95m+-----------------------------------------------+[0m
[93m| Epoch 0         |        Train |          Val |[0m
[95m+-----------------------------------------------+[0m
[94m| CE              |       1.6413 |       1.8580 |[0m
[94m| Prop MSE        |       0.0838 |       0.1217 |[0m
[94m| Rew MSE         |       0.0009 |       0.0010 |[0m
[95m| Accuracy        |        70.3% |        68.3% |[0m
[95m| MSE             |       2.2373 |       2.5540 |[0m
[95m| First Acc       |        74.3% |        72.8% |[0m
[95m+-----------------------------------------------+[0m
[95m+-----------------------------------------------+[0m
[93m| Epoch 1         |        Train |          Val |[0m
[95m+-----------------------------------------------+[0m
[94m| CE              |       1.5408 |       1.8505 |[0m
[94m| Prop MSE        |       0.0811 |       0.1197 |[0m
[94m| Rew MSE         |       0.0009 |       0.0011 |[0m
[95m| Accuracy        |        71.6% |        68.2% |[0m
[95m| MSE             |       2.1094 |       2.5480 |[0m
[95m| First Acc       |        75.3% |        72.7% |[0m
[95m+-----------------------------------------------+[0m
Encoding dataset from data/pusher/ using VQ-VAE...
Creating sequences of length 10...
(np.float64(-49.87839752435684), np.float64(5.630540234976844))
[1;31m--- 17:16:19 ---[0m
Training round: 17
7400
740
Creating dataloaded from data/pusher/imgs_tr/
Creating dataloaded from data/pusher/imgs_vl/
------------------------- 01/5 -------------------------
[96m  New best model saved![0m
[91m  Train total_loss: 2.6098, Val total_loss: 2.8938[0m
[95m  Train recon_loss: 2.1853, Val recon_loss: 2.4705[0m
[92m  Train commit_loss: 0.3595, Val commit_loss: 0.3506[0m
[93m  Train codes_usage: 1.0000, Val codes_usage: 1.0000[0m
[96m  Train flatness_loss: 0.0325, Val flatness_loss: 0.0363[0m
------------------------- 02/5 -------------------------
[91m  Train total_loss: 2.6076, Val total_loss: 3.1567[0m
[95m  Train recon_loss: 2.1825, Val recon_loss: 2.7212[0m
[92m  Train commit_loss: 0.3602, Val commit_loss: 0.3684[0m
[93m  Train codes_usage: 1.0000, Val codes_usage: 1.0000[0m
[96m  Train flatness_loss: 0.0325, Val flatness_loss: 0.0336[0m
------------------------- 03/5 -------------------------
[96m  New best model saved![0m
[91m  Train total_loss: 2.5982, Val total_loss: 2.6749[0m
[95m  Train recon_loss: 2.1774, Val recon_loss: 2.2726[0m
[92m  Train commit_loss: 0.3565, Val commit_loss: 0.3341[0m
[93m  Train codes_usage: 1.0000, Val codes_usage: 1.0000[0m
[96m  Train flatness_loss: 0.0322, Val flatness_loss: 0.0341[0m
------------------------- 04/5 -------------------------
[91m  Train total_loss: 2.5904, Val total_loss: 2.7594[0m
[95m  Train recon_loss: 2.1738, Val recon_loss: 2.3196[0m
[92m  Train commit_loss: 0.3531, Val commit_loss: 0.3746[0m
[93m  Train codes_usage: 1.0000, Val codes_usage: 1.0000[0m
[96m  Train flatness_loss: 0.0318, Val flatness_loss: 0.0326[0m
------------------------- 05/5 -------------------------
[91m  Train total_loss: 2.5831, Val total_loss: 2.8721[0m
[95m  Train recon_loss: 2.1693, Val recon_loss: 2.4523[0m
[92m  Train commit_loss: 0.3509, Val commit_loss: 0.3415[0m
[93m  Train codes_usage: 1.0000, Val codes_usage: 1.0000[0m
[96m  Train flatness_loss: 0.0315, Val flatness_loss: 0.0391[0m
Loading vq_4_32_64_True_smoothTrue.pth
Encoding dataset from data/pusher/ using VQ-VAE...
Creating sequences of length 23...
Encoding dataset from data/pusher/ using VQ-VAE...
Creating sequences of length 23...
[95m+-----------------------------------------------+[0m
[93m| Epoch 0         |        Train |          Val |[0m
[95m+-----------------------------------------------+[0m
[94m| CE              |       1.6539 |       1.8630 |[0m
[94m| Prop MSE        |       0.0843 |       0.1173 |[0m
[94m| Rew MSE         |       0.0009 |       0.0010 |[0m
[95m| Accuracy        |        70.6% |        68.7% |[0m
[95m| MSE             |       2.0573 |       2.3591 |[0m
[95m| First Acc       |        74.7% |        73.3% |[0m
[95m+-----------------------------------------------+[0m
[95m+-----------------------------------------------+[0m
[93m| Epoch 1         |        Train |          Val |[0m
[95m+-----------------------------------------------+[0m
[94m| CE              |       1.5468 |       1.8516 |[0m
[94m| Prop MSE        |       0.0808 |       0.1183 |[0m
[94m| Rew MSE         |       0.0009 |       0.0009 |[0m
[95m| Accuracy        |        72.0% |        69.0% |[0m
[95m| MSE             |       1.9218 |       2.3414 |[0m
[95m| First Acc       |        75.8% |        73.5% |[0m
[95m+-----------------------------------------------+[0m
Encoding dataset from data/pusher/ using VQ-VAE...
Creating sequences of length 10...
(np.float64(-42.04682010809581), np.float64(5.538940756435308))
[1;31m--- 18:24:35 ---[0m
Training round: 18
7600
760
Creating dataloaded from data/pusher/imgs_tr/
Creating dataloaded from data/pusher/imgs_vl/
------------------------- 01/5 -------------------------
[96m  New best model saved![0m
[91m  Train total_loss: 2.6132, Val total_loss: 5.2253[0m
[95m  Train recon_loss: 2.1965, Val recon_loss: 4.8020[0m
[92m  Train commit_loss: 0.3525, Val commit_loss: 0.3551[0m
[93m  Train codes_usage: 1.0000, Val codes_usage: 1.0000[0m
[96m  Train flatness_loss: 0.0321, Val flatness_loss: 0.0342[0m
------------------------- 02/5 -------------------------
[96m  New best model saved![0m
[91m  Train total_loss: 2.6045, Val total_loss: 4.5443[0m
[95m  Train recon_loss: 2.1887, Val recon_loss: 4.1183[0m
[92m  Train commit_loss: 0.3523, Val commit_loss: 0.3658[0m
[93m  Train codes_usage: 1.0000, Val codes_usage: 1.0000[0m
[96m  Train flatness_loss: 0.0318, Val flatness_loss: 0.0301[0m
------------------------- 03/5 -------------------------
[96m  New best model saved![0m
[91m  Train total_loss: 2.5923, Val total_loss: 2.6893[0m
[95m  Train recon_loss: 2.1817, Val recon_loss: 2.2807[0m
[92m  Train commit_loss: 0.3503, Val commit_loss: 0.3456[0m
[93m  Train codes_usage: 1.0000, Val codes_usage: 1.0000[0m
[96m  Train flatness_loss: 0.0301, Val flatness_loss: 0.0315[0m
------------------------- 04/5 -------------------------
[96m  New best model saved![0m
[91m  Train total_loss: 2.5830, Val total_loss: 2.6345[0m
[95m  Train recon_loss: 2.1751, Val recon_loss: 2.2106[0m
[92m  Train commit_loss: 0.3483, Val commit_loss: 0.3646[0m
[93m  Train codes_usage: 1.0000, Val codes_usage: 1.0000[0m
[96m  Train flatness_loss: 0.0298, Val flatness_loss: 0.0297[0m
------------------------- 05/5 -------------------------
[91m  Train total_loss: 2.5742, Val total_loss: 3.8297[0m
[95m  Train recon_loss: 2.1694, Val recon_loss: 3.4294[0m
[92m  Train commit_loss: 0.3460, Val commit_loss: 0.3355[0m
[93m  Train codes_usage: 1.0000, Val codes_usage: 1.0000[0m
[96m  Train flatness_loss: 0.0294, Val flatness_loss: 0.0324[0m
Loading vq_4_32_64_True_smoothTrue.pth
Encoding dataset from data/pusher/ using VQ-VAE...
Creating sequences of length 23...
Encoding dataset from data/pusher/ using VQ-VAE...
Creating sequences of length 23...
[95m+-----------------------------------------------+[0m
[93m| Epoch 0         |        Train |          Val |[0m
[95m+-----------------------------------------------+[0m
[94m| CE              |       1.7811 |       1.9854 |[0m
[94m| Prop MSE        |       0.0835 |       0.1186 |[0m
[94m| Rew MSE         |       0.0009 |       0.0010 |[0m
[95m| Accuracy        |        68.7% |        67.0% |[0m
[95m| MSE             |       2.0836 |       2.3955 |[0m
[95m| First Acc       |        72.7% |        71.6% |[0m
[95m+-----------------------------------------------+[0m
[95m+-----------------------------------------------+[0m
[93m| Epoch 1         |        Train |          Val |[0m
[95m+-----------------------------------------------+[0m
[94m| CE              |       1.6638 |       1.9722 |[0m
[94m| Prop MSE        |       0.0801 |       0.1178 |[0m
[94m| Rew MSE         |       0.0009 |       0.0009 |[0m
[95m| Accuracy        |        70.1% |        67.1% |[0m
[95m| MSE             |       1.9337 |       2.3798 |[0m
[95m| First Acc       |        73.9% |        71.7% |[0m
[95m+-----------------------------------------------+[0m
Encoding dataset from data/pusher/ using VQ-VAE...
Creating sequences of length 10...
(np.float64(-44.802971859773), np.float64(3.537419646105749))
[1;31m--- 19:33:38 ---[0m
Training round: 19
7800
780
Creating dataloaded from data/pusher/imgs_tr/
Creating dataloaded from data/pusher/imgs_vl/
------------------------- 01/5 -------------------------
[96m  New best model saved![0m
[91m  Train total_loss: 2.5812, Val total_loss: 10.7001[0m
[95m  Train recon_loss: 2.1815, Val recon_loss: 10.3061[0m
[92m  Train commit_loss: 0.3444, Val commit_loss: 0.3446[0m
[93m  Train codes_usage: 1.0000, Val codes_usage: 1.0000[0m
[96m  Train flatness_loss: 0.0276, Val flatness_loss: 0.0247[0m
------------------------- 02/5 -------------------------
[96m  New best model saved![0m
[91m  Train total_loss: 2.5481, Val total_loss: 2.8830[0m
[95m  Train recon_loss: 2.1665, Val recon_loss: 2.5063[0m
[92m  Train commit_loss: 0.3344, Val commit_loss: 0.3282[0m
[93m  Train codes_usage: 1.0000, Val codes_usage: 1.0000[0m
[96m  Train flatness_loss: 0.0236, Val flatness_loss: 0.0243[0m
------------------------- 03/5 -------------------------
[96m  New best model saved![0m
[91m  Train total_loss: 2.5447, Val total_loss: 2.7186[0m
[95m  Train recon_loss: 2.1643, Val recon_loss: 2.3377[0m
[92m  Train commit_loss: 0.3340, Val commit_loss: 0.3297[0m
[93m  Train codes_usage: 1.0000, Val codes_usage: 1.0000[0m
[96m  Train flatness_loss: 0.0232, Val flatness_loss: 0.0256[0m
------------------------- 04/5 -------------------------
[96m  New best model saved![0m
[91m  Train total_loss: 2.5331, Val total_loss: 2.7063[0m
[95m  Train recon_loss: 2.1556, Val recon_loss: 2.3174[0m
[92m  Train commit_loss: 0.3322, Val commit_loss: 0.3362[0m
[93m  Train codes_usage: 1.0000, Val codes_usage: 1.0000[0m
[96m  Train flatness_loss: 0.0226, Val flatness_loss: 0.0264[0m
------------------------- 05/5 -------------------------
[91m  Train total_loss: 2.5263, Val total_loss: 3.9600[0m
[95m  Train recon_loss: 2.1505, Val recon_loss: 3.5854[0m
[92m  Train commit_loss: 0.3306, Val commit_loss: 0.3256[0m
[93m  Train codes_usage: 1.0000, Val codes_usage: 1.0000[0m
[96m  Train flatness_loss: 0.0226, Val flatness_loss: 0.0245[0m
Loading vq_4_32_64_True_smoothTrue.pth
Encoding dataset from data/pusher/ using VQ-VAE...
Creating sequences of length 23...
Encoding dataset from data/pusher/ using VQ-VAE...
Creating sequences of length 23...
[95m+-----------------------------------------------+[0m
[93m| Epoch 0         |        Train |          Val |[0m
[95m+-----------------------------------------------+[0m
[94m| CE              |       1.8102 |       1.9959 |[0m
[94m| Prop MSE        |       0.0838 |       0.1167 |[0m
[94m| Rew MSE         |       0.0009 |       0.0010 |[0m
[95m| Accuracy        |        67.5% |        65.8% |[0m
[95m| MSE             |       2.0828 |       2.3630 |[0m
[95m| First Acc       |        71.7% |        70.5% |[0m
[95m+-----------------------------------------------+[0m
[95m+-----------------------------------------------+[0m
[93m| Epoch 1         |        Train |          Val |[0m
[95m+-----------------------------------------------+[0m
[94m| CE              |       1.6861 |       1.9772 |[0m
[94m| Prop MSE        |       0.0801 |       0.1166 |[0m
[94m| Rew MSE         |       0.0008 |       0.0009 |[0m
[95m| Accuracy        |        69.1% |        66.0% |[0m
[95m| MSE             |       1.9236 |       2.3392 |[0m
[95m| First Acc       |        73.0% |        70.7% |[0m
[95m+-----------------------------------------------+[0m
Encoding dataset from data/pusher/ using VQ-VAE...
Creating sequences of length 10...
(np.float64(-41.27631215751171), np.float64(5.251592406449036))
[1;31m--- 20:43:06 ---[0m
